c:\users\sande\documents\visual studio 2015\projects\s.p.a.c.e\s.p.a.c.e\x64\debug\s.p.a.c.e.pch
c:\users\sande\documents\visual studio 2015\projects\s.p.a.c.e\s.p.a.c.e\x64\debug\vc140.pdb
c:\users\sande\documents\visual studio 2015\projects\s.p.a.c.e\s.p.a.c.e\x64\debug\vc140.idb
c:\users\sande\documents\visual studio 2015\projects\s.p.a.c.e\s.p.a.c.e\x64\debug\stdafx.obj
c:\users\sande\documents\visual studio 2015\projects\s.p.a.c.e\s.p.a.c.e\x64\debug\display.obj
c:\users\sande\documents\visual studio 2015\projects\s.p.a.c.e\s.p.a.c.e\x64\debug\stb_image.obj
c:\users\sande\documents\visual studio 2015\projects\s.p.a.c.e\s.p.a.c.e\x64\debug\objectbounds.obj
c:\users\sande\documents\visual studio 2015\projects\s.p.a.c.e\s.p.a.c.e\x64\debug\main.obj
c:\users\sande\documents\visual studio 2015\projects\s.p.a.c.e\s.p.a.c.e\x64\debug\mesh.obj
c:\users\sande\documents\visual studio 2015\projects\s.p.a.c.e\s.p.a.c.e\x64\debug\shader.obj
c:\users\sande\documents\visual studio 2015\projects\s.p.a.c.e\x64\debug\s.p.a.c.e.ilk
c:\users\sande\documents\visual studio 2015\projects\s.p.a.c.e\x64\debug\s.p.a.c.e.exe
c:\users\sande\documents\visual studio 2015\projects\s.p.a.c.e\x64\debug\s.p.a.c.e.pdb
c:\users\sande\documents\visual studio 2015\projects\s.p.a.c.e\s.p.a.c.e\x64\debug\obj_loader.obj
c:\users\sande\documents\visual studio 2015\projects\s.p.a.c.e\s.p.a.c.e\x64\debug\skybox.obj
c:\users\sande\documents\visual studio 2015\projects\s.p.a.c.e\s.p.a.c.e\x64\debug\texture.obj
c:\users\sande\documents\visual studio 2015\projects\s.p.a.c.e\s.p.a.c.e\x64\debug\s.p.a.c.e.tlog\cl.command.1.tlog
c:\users\sande\documents\visual studio 2015\projects\s.p.a.c.e\s.p.a.c.e\x64\debug\s.p.a.c.e.tlog\cl.read.1.tlog
c:\users\sande\documents\visual studio 2015\projects\s.p.a.c.e\s.p.a.c.e\x64\debug\s.p.a.c.e.tlog\cl.write.1.tlog
c:\users\sande\documents\visual studio 2015\projects\s.p.a.c.e\s.p.a.c.e\x64\debug\s.p.a.c.e.tlog\link.command.1.tlog
c:\users\sande\documents\visual studio 2015\projects\s.p.a.c.e\s.p.a.c.e\x64\debug\s.p.a.c.e.tlog\link.read.1.tlog
c:\users\sande\documents\visual studio 2015\projects\s.p.a.c.e\s.p.a.c.e\x64\debug\s.p.a.c.e.tlog\link.write.1.tlog
